objc[22321]: Class JSWTFMainThreadCaller is implemented in both /Applications/Xcode.app/Contents/Developer/Platforms/iPhoneSimulator.platform/Developer/SDKs/iPhoneSimulator.sdk/System/Library/Frameworks/JavaScriptCore.framework/JavaScriptCore and /Users/david/Library/Developer/CoreSimulator/Devices/0147A8FD-DDA8-4BED-990F-57B27B8AA04C/data/Containers/Bundle/Application/E1CBAE53-0A8E-45D9-A3C7-73567694918F/Hello World.app/Hello World. One of the two will be used. Which one is undefined.
2014-12-18 10:30:52.803 Hello World[22321:663650] DiskCookieStorage changing policy from 2 to 0, cookie file: file:///Users/david/Library/Developer/CoreSimulator/Devices/0147A8FD-DDA8-4BED-990F-57B27B8AA04C/data/Containers/Data/Application/350F19A9-78C1-45C6-A59B-8769B7223FD9/Library/Cookies/Cookies.binarycookies
2014-12-18 10:30:53.048 Hello World[22321:663650] Apache Cordova native platform version 3.7.0 is starting.
2014-12-18 10:30:53.048 Hello World[22321:663650] Multi-tasking -> Device: YES, App: YES
2014-12-18 10:30:53.065 Hello World[22321:663650] Unlimited access to network resources
2014-12-18 10:30:53.074 Hello World[22321:663650] 

Started backup to iCloud! Please be careful.
Your application might be rejected by Apple if you store too much data.
For more information please read "iOS Data Storage Guidelines" at:
https://developer.apple.com/icloud/documentation/data-storage/
To disable web storage backup to iCloud, set the BackupWebStorage preference to "local" in the Cordova config.xml file

2014-12-18 10:30:53.467 Hello World[22321:663650] Launching Couchbase Lite...
2014-12-18 10:30:53.471 Hello World[22321:663650] Couchbase Lite url = http://lite.couchbase./
2014-12-18 10:30:53.471 Hello World[22321:663650] [CDVTimer][cblite] 4.339039ms
2014-12-18 10:30:53.471 Hello World[22321:663650] [CDVTimer][TotalPluginStartup] 4.502952ms
2014-12-18 10:30:53.676 Hello World[22321:663650] Resetting plugins due to page load.
2014-12-18 10:30:53.825 Hello World[22321:663650] Finished load of: file:///Users/david/Library/Developer/CoreSimulator/Devices/0147A8FD-DDA8-4BED-990F-57B27B8AA04C/data/Containers/Bundle/Application/E1CBAE53-0A8E-45D9-A3C7-73567694918F/Hello%20World.app/www/index.html
2014-12-18 10:30:53.870 Hello World[22321:663650] THREAD WARNING: ['CBLite'] took '12.547852' ms. Plugin should use a background thread.
objc[22543]: Class JSWTFMainThreadCaller is implemented in both /Applications/Xcode.app/Contents/Developer/Platforms/iPhoneSimulator.platform/Developer/SDKs/iPhoneSimulator.sdk/System/Library/Frameworks/JavaScriptCore.framework/JavaScriptCore and /Users/david/Library/Developer/CoreSimulator/Devices/0147A8FD-DDA8-4BED-990F-57B27B8AA04C/data/Containers/Bundle/Application/304028DB-4080-48A0-8FA8-A03103B2CCEC/Hello World.app/Hello World. One of the two will be used. Which one is undefined.
2014-12-18 10:35:20.922 Hello World[22543:666102] DiskCookieStorage changing policy from 2 to 0, cookie file: file:///Users/david/Library/Developer/CoreSimulator/Devices/0147A8FD-DDA8-4BED-990F-57B27B8AA04C/data/Containers/Data/Application/35DC7A0E-D651-419E-A2CB-1246C52EB08D/Library/Cookies/Cookies.binarycookies
2014-12-18 10:35:20.990 Hello World[22543:666102] Apache Cordova native platform version 3.7.0 is starting.
2014-12-18 10:35:20.990 Hello World[22543:666102] Multi-tasking -> Device: YES, App: YES
2014-12-18 10:35:20.991 Hello World[22543:666102] Unlimited access to network resources
2014-12-18 10:35:20.993 Hello World[22543:666102] 

Started backup to iCloud! Please be careful.
Your application might be rejected by Apple if you store too much data.
For more information please read "iOS Data Storage Guidelines" at:
https://developer.apple.com/icloud/documentation/data-storage/
To disable web storage backup to iCloud, set the BackupWebStorage preference to "local" in the Cordova config.xml file

2014-12-18 10:35:21.155 Hello World[22543:666102] Launching Couchbase Lite...
2014-12-18 10:35:21.159 Hello World[22543:666102] Couchbase Lite url = http://lite.couchbase./
2014-12-18 10:35:21.159 Hello World[22543:666102] [CDVTimer][cblite] 3.419995ms
2014-12-18 10:35:21.159 Hello World[22543:666102] [CDVTimer][TotalPluginStartup] 3.636003ms
2014-12-18 10:35:21.204 Hello World[22543:666102] Resetting plugins due to page load.
2014-12-18 10:35:21.266 Hello World[22543:666102] Finished load of: file:///Users/david/Library/Developer/CoreSimulator/Devices/0147A8FD-DDA8-4BED-990F-57B27B8AA04C/data/Containers/Bundle/Application/304028DB-4080-48A0-8FA8-A03103B2CCEC/Hello%20World.app/www/index.html
objc[22747]: Class JSWTFMainThreadCaller is implemented in both /Applications/Xcode.app/Contents/Developer/Platforms/iPhoneSimulator.platform/Developer/SDKs/iPhoneSimulator.sdk/System/Library/Frameworks/JavaScriptCore.framework/JavaScriptCore and /Users/david/Library/Developer/CoreSimulator/Devices/0147A8FD-DDA8-4BED-990F-57B27B8AA04C/data/Containers/Bundle/Application/1C80EE74-D6E8-4323-B202-AC3CBAC1C8F0/Hello World.app/Hello World. One of the two will be used. Which one is undefined.
2014-12-18 10:38:18.490 Hello World[22747:668425] DiskCookieStorage changing policy from 2 to 0, cookie file: file:///Users/david/Library/Developer/CoreSimulator/Devices/0147A8FD-DDA8-4BED-990F-57B27B8AA04C/data/Containers/Data/Application/9CCFC072-7DC3-4A98-97EF-D73BE926EAB4/Library/Cookies/Cookies.binarycookies
2014-12-18 10:38:18.567 Hello World[22747:668425] Apache Cordova native platform version 3.7.0 is starting.
2014-12-18 10:38:18.567 Hello World[22747:668425] Multi-tasking -> Device: YES, App: YES
2014-12-18 10:38:18.568 Hello World[22747:668425] Unlimited access to network resources
2014-12-18 10:38:18.570 Hello World[22747:668425] 

Started backup to iCloud! Please be careful.
Your application might be rejected by Apple if you store too much data.
For more information please read "iOS Data Storage Guidelines" at:
https://developer.apple.com/icloud/documentation/data-storage/
To disable web storage backup to iCloud, set the BackupWebStorage preference to "local" in the Cordova config.xml file

2014-12-18 10:38:18.728 Hello World[22747:668425] Launching Couchbase Lite...
2014-12-18 10:38:18.731 Hello World[22747:668425] Couchbase Lite url = http://lite.couchbase./
2014-12-18 10:38:18.732 Hello World[22747:668425] [CDVTimer][cblite] 3.249049ms
2014-12-18 10:38:18.732 Hello World[22747:668425] [CDVTimer][TotalPluginStartup] 3.400028ms
2014-12-18 10:38:18.779 Hello World[22747:668425] Resetting plugins due to page load.
2014-12-18 10:38:18.841 Hello World[22747:668425] Finished load of: file:///Users/david/Library/Developer/CoreSimulator/Devices/0147A8FD-DDA8-4BED-990F-57B27B8AA04C/data/Containers/Bundle/Application/1C80EE74-D6E8-4323-B202-AC3CBAC1C8F0/Hello%20World.app/www/index.html
objc[22957]: Class JSWTFMainThreadCaller is implemented in both /Applications/Xcode.app/Contents/Developer/Platforms/iPhoneSimulator.platform/Developer/SDKs/iPhoneSimulator.sdk/System/Library/Frameworks/JavaScriptCore.framework/JavaScriptCore and /Users/david/Library/Developer/CoreSimulator/Devices/0147A8FD-DDA8-4BED-990F-57B27B8AA04C/data/Containers/Bundle/Application/3436A727-C501-498B-92FE-ECA4E53D6411/Hello World.app/Hello World. One of the two will be used. Which one is undefined.
2014-12-18 10:42:22.450 Hello World[22957:671152] DiskCookieStorage changing policy from 2 to 0, cookie file: file:///Users/david/Library/Developer/CoreSimulator/Devices/0147A8FD-DDA8-4BED-990F-57B27B8AA04C/data/Containers/Data/Application/BAC41437-5240-4409-8451-50A475E46EAE/Library/Cookies/Cookies.binarycookies
2014-12-18 10:42:22.517 Hello World[22957:671152] Apache Cordova native platform version 3.7.0 is starting.
2014-12-18 10:42:22.517 Hello World[22957:671152] Multi-tasking -> Device: YES, App: YES
2014-12-18 10:42:22.518 Hello World[22957:671152] Unlimited access to network resources
2014-12-18 10:42:22.521 Hello World[22957:671152] 

Started backup to iCloud! Please be careful.
Your application might be rejected by Apple if you store too much data.
For more information please read "iOS Data Storage Guidelines" at:
https://developer.apple.com/icloud/documentation/data-storage/
To disable web storage backup to iCloud, set the BackupWebStorage preference to "local" in the Cordova config.xml file

2014-12-18 10:42:22.680 Hello World[22957:671152] Launching Couchbase Lite...
2014-12-18 10:42:22.686 Hello World[22957:671152] Couchbase Lite url = http://lite.couchbase./
2014-12-18 10:42:22.686 Hello World[22957:671152] [CDVTimer][cblite] 6.101012ms
2014-12-18 10:42:22.686 Hello World[22957:671152] [CDVTimer][TotalPluginStartup] 6.217003ms
2014-12-18 10:42:22.730 Hello World[22957:671152] Resetting plugins due to page load.
2014-12-18 10:42:22.793 Hello World[22957:671152] Finished load of: file:///Users/david/Library/Developer/CoreSimulator/Devices/0147A8FD-DDA8-4BED-990F-57B27B8AA04C/data/Containers/Bundle/Application/3436A727-C501-498B-92FE-ECA4E53D6411/Hello%20World.app/www/index.html
objc[23197]: Class JSWTFMainThreadCaller is implemented in both /Applications/Xcode.app/Contents/Developer/Platforms/iPhoneSimulator.platform/Developer/SDKs/iPhoneSimulator.sdk/System/Library/Frameworks/JavaScriptCore.framework/JavaScriptCore and /Users/david/Library/Developer/CoreSimulator/Devices/0147A8FD-DDA8-4BED-990F-57B27B8AA04C/data/Containers/Bundle/Application/39612227-1468-48F1-8448-62F6197B348D/Hello World.app/Hello World. One of the two will be used. Which one is undefined.
2014-12-18 10:45:53.121 Hello World[23197:673176] DiskCookieStorage changing policy from 2 to 0, cookie file: file:///Users/david/Library/Developer/CoreSimulator/Devices/0147A8FD-DDA8-4BED-990F-57B27B8AA04C/data/Containers/Data/Application/9F785FD4-04C8-485A-A334-C611D0572A4F/Library/Cookies/Cookies.binarycookies
2014-12-18 10:45:53.210 Hello World[23197:673176] Apache Cordova native platform version 3.7.0 is starting.
2014-12-18 10:45:53.210 Hello World[23197:673176] Multi-tasking -> Device: YES, App: YES
2014-12-18 10:45:53.211 Hello World[23197:673176] Unlimited access to network resources
2014-12-18 10:45:53.213 Hello World[23197:673176] 

Started backup to iCloud! Please be careful.
Your application might be rejected by Apple if you store too much data.
For more information please read "iOS Data Storage Guidelines" at:
https://developer.apple.com/icloud/documentation/data-storage/
To disable web storage backup to iCloud, set the BackupWebStorage preference to "local" in the Cordova config.xml file

2014-12-18 10:45:53.370 Hello World[23197:673176] Launching Couchbase Lite...
2014-12-18 10:45:53.373 Hello World[23197:673176] Couchbase Lite url = http://lite.couchbase./
2014-12-18 10:45:53.374 Hello World[23197:673176] [CDVTimer][cblite] 3.663003ms
2014-12-18 10:45:53.374 Hello World[23197:673176] [CDVTimer][TotalPluginStartup] 3.764033ms
2014-12-18 10:45:53.420 Hello World[23197:673176] Resetting plugins due to page load.
2014-12-18 10:45:53.482 Hello World[23197:673176] Finished load of: file:///Users/david/Library/Developer/CoreSimulator/Devices/0147A8FD-DDA8-4BED-990F-57B27B8AA04C/data/Containers/Bundle/Application/39612227-1468-48F1-8448-62F6197B348D/Hello%20World.app/www/index.html
objc[23408]: Class JSWTFMainThreadCaller is implemented in both /Applications/Xcode.app/Contents/Developer/Platforms/iPhoneSimulator.platform/Developer/SDKs/iPhoneSimulator.sdk/System/Library/Frameworks/JavaScriptCore.framework/JavaScriptCore and /Users/david/Library/Developer/CoreSimulator/Devices/0147A8FD-DDA8-4BED-990F-57B27B8AA04C/data/Containers/Bundle/Application/7DAB5C3A-4EE7-4DCD-A216-8BB1D662EE3A/Hello World.app/Hello World. One of the two will be used. Which one is undefined.
2014-12-18 10:46:49.198 Hello World[23408:674440] DiskCookieStorage changing policy from 2 to 0, cookie file: file:///Users/david/Library/Developer/CoreSimulator/Devices/0147A8FD-DDA8-4BED-990F-57B27B8AA04C/data/Containers/Data/Application/98511B65-B6C2-4BAB-80D9-513CC6022956/Library/Cookies/Cookies.binarycookies
2014-12-18 10:46:49.269 Hello World[23408:674440] Apache Cordova native platform version 3.7.0 is starting.
2014-12-18 10:46:49.269 Hello World[23408:674440] Multi-tasking -> Device: YES, App: YES
2014-12-18 10:46:49.270 Hello World[23408:674440] Unlimited access to network resources
2014-12-18 10:46:49.272 Hello World[23408:674440] 

Started backup to iCloud! Please be careful.
Your application might be rejected by Apple if you store too much data.
For more information please read "iOS Data Storage Guidelines" at:
https://developer.apple.com/icloud/documentation/data-storage/
To disable web storage backup to iCloud, set the BackupWebStorage preference to "local" in the Cordova config.xml file

2014-12-18 10:46:49.432 Hello World[23408:674440] Launching Couchbase Lite...
2014-12-18 10:46:49.435 Hello World[23408:674440] Couchbase Lite url = http://lite.couchbase./
2014-12-18 10:46:49.435 Hello World[23408:674440] [CDVTimer][cblite] 3.145039ms
2014-12-18 10:46:49.436 Hello World[23408:674440] [CDVTimer][TotalPluginStartup] 3.293991ms
2014-12-18 10:46:49.485 Hello World[23408:674440] Resetting plugins due to page load.
2014-12-18 10:46:49.552 Hello World[23408:674440] Finished load of: file:///Users/david/Library/Developer/CoreSimulator/Devices/0147A8FD-DDA8-4BED-990F-57B27B8AA04C/data/Containers/Bundle/Application/7DAB5C3A-4EE7-4DCD-A216-8BB1D662EE3A/Hello%20World.app/www/index.html
objc[23641]: Class JSWTFMainThreadCaller is implemented in both /Applications/Xcode.app/Contents/Developer/Platforms/iPhoneSimulator.platform/Developer/SDKs/iPhoneSimulator.sdk/System/Library/Frameworks/JavaScriptCore.framework/JavaScriptCore and /Users/david/Library/Developer/CoreSimulator/Devices/0147A8FD-DDA8-4BED-990F-57B27B8AA04C/data/Containers/Bundle/Application/224D3F03-FA00-4284-B35C-6C10D7E27496/Hello World.app/Hello World. One of the two will be used. Which one is undefined.
2014-12-18 10:49:12.354 Hello World[23641:676132] DiskCookieStorage changing policy from 2 to 0, cookie file: file:///Users/david/Library/Developer/CoreSimulator/Devices/0147A8FD-DDA8-4BED-990F-57B27B8AA04C/data/Containers/Data/Application/C2B3AF82-4E9E-4FA3-9C27-F85D170440F5/Library/Cookies/Cookies.binarycookies
2014-12-18 10:49:12.457 Hello World[23641:676132] Apache Cordova native platform version 3.7.0 is starting.
2014-12-18 10:49:12.457 Hello World[23641:676132] Multi-tasking -> Device: YES, App: YES
2014-12-18 10:49:12.459 Hello World[23641:676132] Unlimited access to network resources
2014-12-18 10:49:12.461 Hello World[23641:676132] 

Started backup to iCloud! Please be careful.
Your application might be rejected by Apple if you store too much data.
For more information please read "iOS Data Storage Guidelines" at:
https://developer.apple.com/icloud/documentation/data-storage/
To disable web storage backup to iCloud, set the BackupWebStorage preference to "local" in the Cordova config.xml file

2014-12-18 10:49:12.622 Hello World[23641:676132] Launching Couchbase Lite...
2014-12-18 10:49:12.625 Hello World[23641:676132] Couchbase Lite url = http://lite.couchbase./
2014-12-18 10:49:12.625 Hello World[23641:676132] [CDVTimer][cblite] 3.148019ms
2014-12-18 10:49:12.625 Hello World[23641:676132] [CDVTimer][TotalPluginStartup] 3.246009ms
2014-12-18 10:49:12.673 Hello World[23641:676132] Resetting plugins due to page load.
2014-12-18 10:49:12.738 Hello World[23641:676132] Finished load of: file:///Users/david/Library/Developer/CoreSimulator/Devices/0147A8FD-DDA8-4BED-990F-57B27B8AA04C/data/Containers/Bundle/Application/224D3F03-FA00-4284-B35C-6C10D7E27496/Hello%20World.app/www/index.html
objc[23825]: Class JSWTFMainThreadCaller is implemented in both /Applications/Xcode.app/Contents/Developer/Platforms/iPhoneSimulator.platform/Developer/SDKs/iPhoneSimulator.sdk/System/Library/Frameworks/JavaScriptCore.framework/JavaScriptCore and /Users/david/Library/Developer/CoreSimulator/Devices/0147A8FD-DDA8-4BED-990F-57B27B8AA04C/data/Containers/Bundle/Application/95D22AEF-1C1D-455B-A8D1-3C4782ABD952/Hello World.app/Hello World. One of the two will be used. Which one is undefined.
2014-12-18 10:50:51.922 Hello World[23825:677241] DiskCookieStorage changing policy from 2 to 0, cookie file: file:///Users/david/Library/Developer/CoreSimulator/Devices/0147A8FD-DDA8-4BED-990F-57B27B8AA04C/data/Containers/Data/Application/F95EF295-FE9B-4FA6-BBCD-38E945A37EEC/Library/Cookies/Cookies.binarycookies
2014-12-18 10:50:51.988 Hello World[23825:677241] Apache Cordova native platform version 3.7.0 is starting.
2014-12-18 10:50:51.988 Hello World[23825:677241] Multi-tasking -> Device: YES, App: YES
2014-12-18 10:50:51.989 Hello World[23825:677241] Unlimited access to network resources
2014-12-18 10:50:51.991 Hello World[23825:677241] 

Started backup to iCloud! Please be careful.
Your application might be rejected by Apple if you store too much data.
For more information please read "iOS Data Storage Guidelines" at:
https://developer.apple.com/icloud/documentation/data-storage/
To disable web storage backup to iCloud, set the BackupWebStorage preference to "local" in the Cordova config.xml file

2014-12-18 10:50:52.153 Hello World[23825:677241] Launching Couchbase Lite...
2014-12-18 10:50:52.156 Hello World[23825:677241] Couchbase Lite url = http://lite.couchbase./
2014-12-18 10:50:52.156 Hello World[23825:677241] [CDVTimer][cblite] 3.426969ms
2014-12-18 10:50:52.156 Hello World[23825:677241] [CDVTimer][TotalPluginStartup] 3.542006ms
2014-12-18 10:50:52.201 Hello World[23825:677241] Resetting plugins due to page load.
2014-12-18 10:50:52.264 Hello World[23825:677241] Finished load of: file:///Users/david/Library/Developer/CoreSimulator/Devices/0147A8FD-DDA8-4BED-990F-57B27B8AA04C/data/Containers/Bundle/Application/95D22AEF-1C1D-455B-A8D1-3C4782ABD952/Hello%20World.app/www/index.html
objc[24051]: Class JSWTFMainThreadCaller is implemented in both /Applications/Xcode.app/Contents/Developer/Platforms/iPhoneSimulator.platform/Developer/SDKs/iPhoneSimulator.sdk/System/Library/Frameworks/JavaScriptCore.framework/JavaScriptCore and /Users/david/Library/Developer/CoreSimulator/Devices/0147A8FD-DDA8-4BED-990F-57B27B8AA04C/data/Containers/Bundle/Application/A1CD8E79-F29D-4FA3-8EF5-E7758CF7ED13/Hello World.app/Hello World. One of the two will be used. Which one is undefined.
2014-12-18 10:53:14.589 Hello World[24051:678959] DiskCookieStorage changing policy from 2 to 0, cookie file: file:///Users/david/Library/Developer/CoreSimulator/Devices/0147A8FD-DDA8-4BED-990F-57B27B8AA04C/data/Containers/Data/Application/9FDC0045-E474-42B9-9A96-0B687A7E540E/Library/Cookies/Cookies.binarycookies
2014-12-18 10:53:14.676 Hello World[24051:678959] Apache Cordova native platform version 3.7.0 is starting.
2014-12-18 10:53:14.676 Hello World[24051:678959] Multi-tasking -> Device: YES, App: YES
2014-12-18 10:53:14.677 Hello World[24051:678959] Unlimited access to network resources
2014-12-18 10:53:14.679 Hello World[24051:678959] 

Started backup to iCloud! Please be careful.
Your application might be rejected by Apple if you store too much data.
For more information please read "iOS Data Storage Guidelines" at:
https://developer.apple.com/icloud/documentation/data-storage/
To disable web storage backup to iCloud, set the BackupWebStorage preference to "local" in the Cordova config.xml file

2014-12-18 10:53:14.843 Hello World[24051:678959] Launching Couchbase Lite...
2014-12-18 10:53:14.846 Hello World[24051:678959] Couchbase Lite url = http://lite.couchbase./
2014-12-18 10:53:14.846 Hello World[24051:678959] [CDVTimer][cblite] 3.389955ms
2014-12-18 10:53:14.846 Hello World[24051:678959] [CDVTimer][TotalPluginStartup] 3.549993ms
2014-12-18 10:53:14.893 Hello World[24051:678959] Resetting plugins due to page load.
2014-12-18 10:53:14.954 Hello World[24051:678959] Finished load of: file:///Users/david/Library/Developer/CoreSimulator/Devices/0147A8FD-DDA8-4BED-990F-57B27B8AA04C/data/Containers/Bundle/Application/A1CD8E79-F29D-4FA3-8EF5-E7758CF7ED13/Hello%20World.app/www/index.html
objc[24277]: Class JSWTFMainThreadCaller is implemented in both /Applications/Xcode.app/Contents/Developer/Platforms/iPhoneSimulator.platform/Developer/SDKs/iPhoneSimulator.sdk/System/Library/Frameworks/JavaScriptCore.framework/JavaScriptCore and /Users/david/Library/Developer/CoreSimulator/Devices/0147A8FD-DDA8-4BED-990F-57B27B8AA04C/data/Containers/Bundle/Application/628A9E1C-F6CF-44D3-9DFD-9F889DACEB68/Hello World.app/Hello World. One of the two will be used. Which one is undefined.
2014-12-18 10:56:37.784 Hello World[24277:681127] DiskCookieStorage changing policy from 2 to 0, cookie file: file:///Users/david/Library/Developer/CoreSimulator/Devices/0147A8FD-DDA8-4BED-990F-57B27B8AA04C/data/Containers/Data/Application/42B50852-847E-45FD-A082-3A01BFEF7F41/Library/Cookies/Cookies.binarycookies
2014-12-18 10:56:37.853 Hello World[24277:681127] Apache Cordova native platform version 3.7.0 is starting.
2014-12-18 10:56:37.853 Hello World[24277:681127] Multi-tasking -> Device: YES, App: YES
2014-12-18 10:56:37.854 Hello World[24277:681127] Unlimited access to network resources
2014-12-18 10:56:37.856 Hello World[24277:681127] 

Started backup to iCloud! Please be careful.
Your application might be rejected by Apple if you store too much data.
For more information please read "iOS Data Storage Guidelines" at:
https://developer.apple.com/icloud/documentation/data-storage/
To disable web storage backup to iCloud, set the BackupWebStorage preference to "local" in the Cordova config.xml file

2014-12-18 10:56:38.012 Hello World[24277:681127] Launching Couchbase Lite...
2014-12-18 10:56:38.015 Hello World[24277:681127] Couchbase Lite url = http://lite.couchbase./
2014-12-18 10:56:38.016 Hello World[24277:681127] [CDVTimer][cblite] 3.450990ms
2014-12-18 10:56:38.016 Hello World[24277:681127] [CDVTimer][TotalPluginStartup] 3.549993ms
2014-12-18 10:56:38.061 Hello World[24277:681127] Resetting plugins due to page load.
2014-12-18 10:56:38.123 Hello World[24277:681127] Finished load of: file:///Users/david/Library/Developer/CoreSimulator/Devices/0147A8FD-DDA8-4BED-990F-57B27B8AA04C/data/Containers/Bundle/Application/628A9E1C-F6CF-44D3-9DFD-9F889DACEB68/Hello%20World.app/www/index.html
objc[24577]: Class JSWTFMainThreadCaller is implemented in both /Applications/Xcode.app/Contents/Developer/Platforms/iPhoneSimulator.platform/Developer/SDKs/iPhoneSimulator.sdk/System/Library/Frameworks/JavaScriptCore.framework/JavaScriptCore and /Users/david/Library/Developer/CoreSimulator/Devices/0147A8FD-DDA8-4BED-990F-57B27B8AA04C/data/Containers/Bundle/Application/564C2176-6D5E-4555-B40A-09DE05B2A5B6/Hello World.app/Hello World. One of the two will be used. Which one is undefined.
2014-12-18 11:04:38.470 Hello World[24577:685858] DiskCookieStorage changing policy from 2 to 0, cookie file: file:///Users/david/Library/Developer/CoreSimulator/Devices/0147A8FD-DDA8-4BED-990F-57B27B8AA04C/data/Containers/Data/Application/DE40AE87-5401-4CF8-B704-521341D99E7A/Library/Cookies/Cookies.binarycookies
2014-12-18 11:04:38.544 Hello World[24577:685858] Apache Cordova native platform version 3.7.0 is starting.
2014-12-18 11:04:38.544 Hello World[24577:685858] Multi-tasking -> Device: YES, App: YES
2014-12-18 11:04:38.545 Hello World[24577:685858] Unlimited access to network resources
2014-12-18 11:04:38.547 Hello World[24577:685858] 

Started backup to iCloud! Please be careful.
Your application might be rejected by Apple if you store too much data.
For more information please read "iOS Data Storage Guidelines" at:
https://developer.apple.com/icloud/documentation/data-storage/
To disable web storage backup to iCloud, set the BackupWebStorage preference to "local" in the Cordova config.xml file

2014-12-18 11:04:38.705 Hello World[24577:685858] Launching Couchbase Lite...
2014-12-18 11:04:38.708 Hello World[24577:685858] Couchbase Lite url = http://lite.couchbase./
2014-12-18 11:04:38.708 Hello World[24577:685858] [CDVTimer][cblite] 3.374040ms
2014-12-18 11:04:38.708 Hello World[24577:685858] [CDVTimer][TotalPluginStartup] 3.477037ms
2014-12-18 11:04:38.758 Hello World[24577:685858] Resetting plugins due to page load.
2014-12-18 11:04:38.822 Hello World[24577:685858] Finished load of: file:///Users/david/Library/Developer/CoreSimulator/Devices/0147A8FD-DDA8-4BED-990F-57B27B8AA04C/data/Containers/Bundle/Application/564C2176-6D5E-4555-B40A-09DE05B2A5B6/Hello%20World.app/www/index.html
objc[24807]: Class JSWTFMainThreadCaller is implemented in both /Applications/Xcode.app/Contents/Developer/Platforms/iPhoneSimulator.platform/Developer/SDKs/iPhoneSimulator.sdk/System/Library/Frameworks/JavaScriptCore.framework/JavaScriptCore and /Users/david/Library/Developer/CoreSimulator/Devices/0147A8FD-DDA8-4BED-990F-57B27B8AA04C/data/Containers/Bundle/Application/15A0AA9B-1C2E-49D8-9BF2-B2FAA20E6344/Hello World.app/Hello World. One of the two will be used. Which one is undefined.
2014-12-18 11:06:31.967 Hello World[24807:687528] DiskCookieStorage changing policy from 2 to 0, cookie file: file:///Users/david/Library/Developer/CoreSimulator/Devices/0147A8FD-DDA8-4BED-990F-57B27B8AA04C/data/Containers/Data/Application/B74D76C0-3939-4BAE-BEE1-24274C5032A4/Library/Cookies/Cookies.binarycookies
2014-12-18 11:06:32.051 Hello World[24807:687528] Apache Cordova native platform version 3.7.0 is starting.
2014-12-18 11:06:32.051 Hello World[24807:687528] Multi-tasking -> Device: YES, App: YES
2014-12-18 11:06:32.052 Hello World[24807:687528] Unlimited access to network resources
2014-12-18 11:06:32.054 Hello World[24807:687528] 

Started backup to iCloud! Please be careful.
Your application might be rejected by Apple if you store too much data.
For more information please read "iOS Data Storage Guidelines" at:
https://developer.apple.com/icloud/documentation/data-storage/
To disable web storage backup to iCloud, set the BackupWebStorage preference to "local" in the Cordova config.xml file

2014-12-18 11:06:32.211 Hello World[24807:687528] Launching Couchbase Lite...
2014-12-18 11:06:32.215 Hello World[24807:687528] Couchbase Lite url = http://lite.couchbase./
2014-12-18 11:06:32.215 Hello World[24807:687528] [CDVTimer][cblite] 3.772974ms
2014-12-18 11:06:32.215 Hello World[24807:687528] [CDVTimer][TotalPluginStartup] 3.876984ms
2014-12-18 11:06:32.259 Hello World[24807:687528] Resetting plugins due to page load.
2014-12-18 11:06:32.322 Hello World[24807:687528] Finished load of: file:///Users/david/Library/Developer/CoreSimulator/Devices/0147A8FD-DDA8-4BED-990F-57B27B8AA04C/data/Containers/Bundle/Application/15A0AA9B-1C2E-49D8-9BF2-B2FAA20E6344/Hello%20World.app/www/index.html
objc[25030]: Class JSWTFMainThreadCaller is implemented in both /Applications/Xcode.app/Contents/Developer/Platforms/iPhoneSimulator.platform/Developer/SDKs/iPhoneSimulator.sdk/System/Library/Frameworks/JavaScriptCore.framework/JavaScriptCore and /Users/david/Library/Developer/CoreSimulator/Devices/0147A8FD-DDA8-4BED-990F-57B27B8AA04C/data/Containers/Bundle/Application/913FE129-F655-489A-9713-9EB5AAE1C512/Hello World.app/Hello World. One of the two will be used. Which one is undefined.
2014-12-18 11:08:12.963 Hello World[25030:689068] DiskCookieStorage changing policy from 2 to 0, cookie file: file:///Users/david/Library/Developer/CoreSimulator/Devices/0147A8FD-DDA8-4BED-990F-57B27B8AA04C/data/Containers/Data/Application/1FC1B063-2518-470D-A5E3-079ADF166E8B/Library/Cookies/Cookies.binarycookies
2014-12-18 11:08:13.051 Hello World[25030:689068] Apache Cordova native platform version 3.7.0 is starting.
2014-12-18 11:08:13.051 Hello World[25030:689068] Multi-tasking -> Device: YES, App: YES
2014-12-18 11:08:13.052 Hello World[25030:689068] Unlimited access to network resources
2014-12-18 11:08:13.054 Hello World[25030:689068] 

Started backup to iCloud! Please be careful.
Your application might be rejected by Apple if you store too much data.
For more information please read "iOS Data Storage Guidelines" at:
https://developer.apple.com/icloud/documentation/data-storage/
To disable web storage backup to iCloud, set the BackupWebStorage preference to "local" in the Cordova config.xml file

2014-12-18 11:08:13.216 Hello World[25030:689068] Launching Couchbase Lite...
2014-12-18 11:08:13.219 Hello World[25030:689068] Couchbase Lite url = http://lite.couchbase./
2014-12-18 11:08:13.219 Hello World[25030:689068] [CDVTimer][cblite] 3.524005ms
2014-12-18 11:08:13.219 Hello World[25030:689068] [CDVTimer][TotalPluginStartup] 3.666043ms
2014-12-18 11:08:13.271 Hello World[25030:689068] Resetting plugins due to page load.
2014-12-18 11:08:13.336 Hello World[25030:689068] Finished load of: file:///Users/david/Library/Developer/CoreSimulator/Devices/0147A8FD-DDA8-4BED-990F-57B27B8AA04C/data/Containers/Bundle/Application/913FE129-F655-489A-9713-9EB5AAE1C512/Hello%20World.app/www/index.html
objc[25196]: Class JSWTFMainThreadCaller is implemented in both /Applications/Xcode.app/Contents/Developer/Platforms/iPhoneSimulator.platform/Developer/SDKs/iPhoneSimulator.sdk/System/Library/Frameworks/JavaScriptCore.framework/JavaScriptCore and /Users/david/Library/Developer/CoreSimulator/Devices/0147A8FD-DDA8-4BED-990F-57B27B8AA04C/data/Containers/Bundle/Application/043CF9DA-33AF-49CD-846A-033A243B0048/Hello World.app/Hello World. One of the two will be used. Which one is undefined.
2014-12-18 11:09:02.491 Hello World[25196:689832] DiskCookieStorage changing policy from 2 to 0, cookie file: file:///Users/david/Library/Developer/CoreSimulator/Devices/0147A8FD-DDA8-4BED-990F-57B27B8AA04C/data/Containers/Data/Application/288B50A5-0161-4204-8007-E7575E572A4A/Library/Cookies/Cookies.binarycookies
2014-12-18 11:09:02.560 Hello World[25196:689832] Apache Cordova native platform version 3.7.0 is starting.
2014-12-18 11:09:02.560 Hello World[25196:689832] Multi-tasking -> Device: YES, App: YES
2014-12-18 11:09:02.561 Hello World[25196:689832] Unlimited access to network resources
2014-12-18 11:09:02.563 Hello World[25196:689832] 

Started backup to iCloud! Please be careful.
Your application might be rejected by Apple if you store too much data.
For more information please read "iOS Data Storage Guidelines" at:
https://developer.apple.com/icloud/documentation/data-storage/
To disable web storage backup to iCloud, set the BackupWebStorage preference to "local" in the Cordova config.xml file

2014-12-18 11:09:02.756 Hello World[25196:689832] Launching Couchbase Lite...
2014-12-18 11:09:02.759 Hello World[25196:689832] Couchbase Lite url = http://lite.couchbase./
2014-12-18 11:09:02.759 Hello World[25196:689832] [CDVTimer][cblite] 3.355980ms
2014-12-18 11:09:02.759 Hello World[25196:689832] [CDVTimer][TotalPluginStartup] 3.490984ms
2014-12-18 11:09:02.803 Hello World[25196:689832] Resetting plugins due to page load.
2014-12-18 11:09:02.867 Hello World[25196:689832] Finished load of: file:///Users/david/Library/Developer/CoreSimulator/Devices/0147A8FD-DDA8-4BED-990F-57B27B8AA04C/data/Containers/Bundle/Application/043CF9DA-33AF-49CD-846A-033A243B0048/Hello%20World.app/www/index.html
objc[25958]: Class JSWTFMainThreadCaller is implemented in both /Applications/Xcode.app/Contents/Developer/Platforms/iPhoneSimulator.platform/Developer/SDKs/iPhoneSimulator.sdk/System/Library/Frameworks/JavaScriptCore.framework/JavaScriptCore and /Users/david/Library/Developer/CoreSimulator/Devices/0147A8FD-DDA8-4BED-990F-57B27B8AA04C/data/Containers/Bundle/Application/D4E71083-DEEB-4DEB-8D25-A3CC7A33E2AF/Hello World.app/Hello World. One of the two will be used. Which one is undefined.
2014-12-18 11:13:10.421 Hello World[25958:694387] DiskCookieStorage changing policy from 2 to 0, cookie file: file:///Users/david/Library/Developer/CoreSimulator/Devices/0147A8FD-DDA8-4BED-990F-57B27B8AA04C/data/Containers/Data/Application/A7C4C8DC-FCE2-4974-B56A-0CE831DD5B4B/Library/Cookies/Cookies.binarycookies
2014-12-18 11:13:10.507 Hello World[25958:694387] Apache Cordova native platform version 3.7.0 is starting.
2014-12-18 11:13:10.507 Hello World[25958:694387] Multi-tasking -> Device: YES, App: YES
2014-12-18 11:13:10.508 Hello World[25958:694387] Unlimited access to network resources
2014-12-18 11:13:10.510 Hello World[25958:694387] 

Started backup to iCloud! Please be careful.
Your application might be rejected by Apple if you store too much data.
For more information please read "iOS Data Storage Guidelines" at:
https://developer.apple.com/icloud/documentation/data-storage/
To disable web storage backup to iCloud, set the BackupWebStorage preference to "local" in the Cordova config.xml file

2014-12-18 11:13:10.674 Hello World[25958:694387] Launching Couchbase Lite...
2014-12-18 11:13:10.677 Hello World[25958:694387] Couchbase Lite url = http://lite.couchbase./
2014-12-18 11:13:10.677 Hello World[25958:694387] [CDVTimer][cblite] 3.188014ms
2014-12-18 11:13:10.677 Hello World[25958:694387] [CDVTimer][TotalPluginStartup] 3.332019ms
2014-12-18 11:13:10.749 Hello World[25958:694387] Resetting plugins due to page load.
2014-12-18 11:13:10.809 Hello World[25958:694387] Finished load of: file:///Users/david/Library/Developer/CoreSimulator/Devices/0147A8FD-DDA8-4BED-990F-57B27B8AA04C/data/Containers/Bundle/Application/D4E71083-DEEB-4DEB-8D25-A3CC7A33E2AF/Hello%20World.app/www/index.html
objc[26966]: Class JSWTFMainThreadCaller is implemented in both /Applications/Xcode.app/Contents/Developer/Platforms/iPhoneSimulator.platform/Developer/SDKs/iPhoneSimulator.sdk/System/Library/Frameworks/JavaScriptCore.framework/JavaScriptCore and /Users/david/Library/Developer/CoreSimulator/Devices/0147A8FD-DDA8-4BED-990F-57B27B8AA04C/data/Containers/Bundle/Application/7E9DCA3E-45AA-4FBF-A54A-B788BA9B832D/Hello World.app/Hello World. One of the two will be used. Which one is undefined.
2014-12-18 11:32:38.183 Hello World[26966:706543] DiskCookieStorage changing policy from 2 to 0, cookie file: file:///Users/david/Library/Developer/CoreSimulator/Devices/0147A8FD-DDA8-4BED-990F-57B27B8AA04C/data/Containers/Data/Application/FB179100-4A0A-4899-A243-47F470AC9ED1/Library/Cookies/Cookies.binarycookies
2014-12-18 11:32:38.260 Hello World[26966:706543] Apache Cordova native platform version 3.7.0 is starting.
2014-12-18 11:32:38.261 Hello World[26966:706543] Multi-tasking -> Device: YES, App: YES
2014-12-18 11:32:38.262 Hello World[26966:706543] Unlimited access to network resources
2014-12-18 11:32:38.264 Hello World[26966:706543] 

Started backup to iCloud! Please be careful.
Your application might be rejected by Apple if you store too much data.
For more information please read "iOS Data Storage Guidelines" at:
https://developer.apple.com/icloud/documentation/data-storage/
To disable web storage backup to iCloud, set the BackupWebStorage preference to "local" in the Cordova config.xml file

2014-12-18 11:32:38.425 Hello World[26966:706543] Launching Couchbase Lite...
2014-12-18 11:32:38.428 Hello World[26966:706543] Couchbase Lite url = http://lite.couchbase./
2014-12-18 11:32:38.428 Hello World[26966:706543] [CDVTimer][cblite] 3.412008ms
2014-12-18 11:32:38.428 Hello World[26966:706543] [CDVTimer][TotalPluginStartup] 3.515959ms
2014-12-18 11:32:38.494 Hello World[26966:706543] Resetting plugins due to page load.
2014-12-18 11:32:38.558 Hello World[26966:706543] Finished load of: file:///Users/david/Library/Developer/CoreSimulator/Devices/0147A8FD-DDA8-4BED-990F-57B27B8AA04C/data/Containers/Bundle/Application/7E9DCA3E-45AA-4FBF-A54A-B788BA9B832D/Hello%20World.app/www/index.html
